#
# A fatal error has been detected by the Java Runtime Environment:
#
#  SIGSEGV (0xb) at pc=0x00007fff203ae029, pid=4812, tid=259
#
# JRE version: Java(TM) SE Runtime Environment (14.0.2+12) (build 14.0.2+12-46)
# Java VM: Java HotSpot(TM) 64-Bit Server VM (14.0.2+12-46, mixed mode, sharing, tiered, compressed oops, g1 gc, bsd-amd64)
# Problematic frame:
# C  [libsystem_platform.dylib+0x1029]  _platform_memmove$VARIANT$Haswell+0x29
#
# No core dump will be written. Core dumps have been disabled. To enable core dumping, try "ulimit -c unlimited" before starting Java again
#
# If you would like to submit a bug report, please visit:
#   https://bugreport.java.com/bugreport/crash.jsp
# The crash happened outside the Java Virtual Machine in native code.
# See problematic frame for where to report the bug.
#

---------------  S U M M A R Y ------------

Command Line: -Dfile.encoding=UTF-8 -Duser.country=US -Duser.language=en -Duser.variant WTownQ

Host: MacBookPro12,1 x86_64 2700 MHz, 4 cores, 8G, Darwin 20.6.0
Time: Mon Jun 27 22:26:35 2022 EDT elapsed time: 1 seconds (0d 0h 0m 1s)

---------------  T H R E A D  ---------------

Current thread (0x00007f8a6201e800):  JavaThread "main" [_thread_in_native, id=259, stack(0x00007ffee5b88000,0x00007ffee6388000)]

Stack: [0x00007ffee5b88000,0x00007ffee6388000],  sp=0x00007ffee63843e0,  free space=8176k
Native frames: (J=compiled Java code, A=aot compiled Java code, j=interpreted, Vv=VM code, C=native code)
C  [libsystem_platform.dylib+0x1029]  _platform_memmove$VARIANT$Haswell+0x29
C  [libimgui-java64.dylib+0xb131a]  Java_imgui_ImFontAtlas_nGetTexDataAsRGBA32+0xda
j  imgui.ImFontAtlas.nGetTexDataAsRGBA32([I[I[I)V+0
j  imgui.ImFontAtlas.getTexDataAsRGBA32(Limgui/type/ImInt;Limgui/type/ImInt;Limgui/type/ImInt;)Ljava/nio/ByteBuffer;+13
j  imgui.ImFontAtlas.getTexDataAsRGBA32(Limgui/type/ImInt;Limgui/type/ImInt;)Ljava/nio/ByteBuffer;+10
j  imgui.gl3.ImGuiImplGl3.updateFontsTexture()V+33
j  imgui.gl3.ImGuiImplGl3.createDeviceObjects()V+114
j  imgui.gl3.ImGuiImplGl3.init(Ljava/lang/String;)V+27
j  imgui.app.Window.init(Limgui/app/Configuration;)V+31
j  imgui.app.Application.initialize(Limgui/app/Application;)V+15
j  imgui.app.Application.launch(Limgui/app/Application;)V+1
j  WTownQ.main([Ljava/lang/String;)V+7
v  ~StubRoutines::call_stub
V  [libjvm.dylib+0x34b6f6]  JavaCalls::call_helper(JavaValue*, methodHandle const&, JavaCallArguments*, Thread*)+0x256
V  [libjvm.dylib+0x38fdb9]  jni_invoke_static(JNIEnv_*, JavaValue*, _jobject*, JNICallType, _jmethodID*, JNI_ArgumentPusher*, Thread*)+0x11c
V  [libjvm.dylib+0x39369c]  jni_CallStaticVoidMethod+0x1b3
C  [libjli.dylib+0x4a42]  JavaMain+0xab4
C  [libjli.dylib+0x6fb3]  __JVMInit_block_invoke+0x4b
C  [Foundation+0x4249f]  __NSBLOCKOPERATION_IS_CALLING_OUT_TO_A_BLOCK__+0x7
C  [Foundation+0x42397]  -[NSBlockOperation main]+0x62
C  [Foundation+0x4232a]  __NSOPERATION_IS_INVOKING_MAIN__+0x11
C  [Foundation+0x415de]  -[NSOperation start]+0x311
C  [Foundation+0x80b81]  __NSThreadPerformPerform+0xcc
C  [CoreFoundation+0x802bc]  __CFRUNLOOP_IS_CALLING_OUT_TO_A_SOURCE0_PERFORM_FUNCTION__+0x11
C  [CoreFoundation+0x80224]  __CFRunLoopDoSource0+0xb4
C  [CoreFoundation+0x7ffa4]  __CFRunLoopDoSources0+0xf2
C  [CoreFoundation+0x7e9cc]  __CFRunLoopRun+0x37d
C  [CoreFoundation+0x7df8c]  CFRunLoopRunSpecific+0x233
C  [libjli.dylib+0x65c1]  CreateExecutionEnvironment+0x18f
C  [libjli.dylib+0x2752]  JLI_Launch+0x54a
C  [java+0xca5]  main+0x16f
C  [libdyld.dylib+0x15f3d]  start+0x1

Java frames: (J=compiled Java code, j=interpreted, Vv=VM code)
j  imgui.ImFontAtlas.nGetTexDataAsRGBA32([I[I[I)V+0
j  imgui.ImFontAtlas.getTexDataAsRGBA32(Limgui/type/ImInt;Limgui/type/ImInt;Limgui/type/ImInt;)Ljava/nio/ByteBuffer;+13
j  imgui.ImFontAtlas.getTexDataAsRGBA32(Limgui/type/ImInt;Limgui/type/ImInt;)Ljava/nio/ByteBuffer;+10
j  imgui.gl3.ImGuiImplGl3.updateFontsTexture()V+33
j  imgui.gl3.ImGuiImplGl3.createDeviceObjects()V+114
j  imgui.gl3.ImGuiImplGl3.init(Ljava/lang/String;)V+27
j  imgui.app.Window.init(Limgui/app/Configuration;)V+31
j  imgui.app.Application.initialize(Limgui/app/Application;)V+15
j  imgui.app.Application.launch(Limgui/app/Application;)V+1
j  WTownQ.main([Ljava/lang/String;)V+7
v  ~StubRoutines::call_stub

siginfo: si_signo: 11 (SIGSEGV), si_code: 0 (unknown), si_addr: 0x0000000000000000

Register to memory mapping:

RAX=0x00007f8a66000000 points into unknown readable memory: 00 00 00 00 00 00 00 00
RBX=0x00007f8a6201eb10 points into unknown readable memory: 00 56 93 63 8a 7f 00 00
RCX=0x0000092408290008 is an unknown value
RDX=0x0000092408290008 is an unknown value
RSP=0x00007ffee63843e0 is pointing into the stack for thread: 0x00007f8a6201e800
RBP=0x00007ffee63843e0 is pointing into the stack for thread: 0x00007f8a6201e800
RSI=0x8086020001000240 is an unknown value
RDI=0x00007f8a66000000 points into unknown readable memory: 00 00 00 00 00 00 00 00
R8 ={method} {0x000000012b61ef70} 'createRgba32Pixels' '(I)Ljava/nio/ByteBuffer;' in 'imgui/ImFontAtlas'
R9 =0x000000078774bae0 is an oop: java.nio.DirectByteBuffer 
{0x000000078774bae0} - klass: 'java/nio/DirectByteBuffer'
R10=0x0000000000000010 is an unknown value
R11=0x7f7a7d8a64fffdc0 is an unknown value
R12=0x0000092408290008 is an unknown value
R13=0x000000078774b9f8 is pointing into object: [I 
{0x000000078774b9e8} - klass: {type array int}
 - length: 1
R14=0x000000078774ba20 is pointing into object: [I 
{0x000000078774ba10} - klass: {type array int}
 - length: 1
R15=0x000000078774ba48 is pointing into object: [I 
{0x000000078774ba38} - klass: {type array int}
 - length: 1


Registers:
RAX=0x00007f8a66000000, RBX=0x00007f8a6201eb10, RCX=0x0000092408290008, RDX=0x0000092408290008
RSP=0x00007ffee63843e0, RBP=0x00007ffee63843e0, RSI=0x8086020001000240, RDI=0x00007f8a66000000
R8 =0x000000012b61ef70, R9 =0x000000078774bae0, R10=0x0000000000000010, R11=0x7f7a7d8a64fffdc0
R12=0x0000092408290008, R13=0x000000078774b9f8, R14=0x000000078774ba20, R15=0x000000078774ba48
RIP=0x00007fff203ae029, EFLAGS=0x0000000000010202, ERR=0x0000000000000000
  TRAPNO=0x000000000000000d

Top of Stack: (sp=0x00007ffee63843e0)
0x00007ffee63843e0:   00007ffee6384440 0000000130afa31a
0x00007ffee63843f0:   8086020001000240 00007ffee63844d8
0x00007ffee6384400:   00007ffee63844e0 00007ffee63844e8
0x00007ffee6384410:   00007ffee63844f0 000000012b61f018
0x00007ffee6384420:   0000000000000000 000000012b61f018
0x00007ffee6384430:   00007ffee63844f0 00007f8a6201e800
0x00007ffee6384440:   00007ffee63844b8 0000000117fb66b0
0x00007ffee6384450:   00007ffee63844b8 0000000117fb63f0
0x00007ffee6384460:   000000012b61f018 0000000117fb63b6
0x00007ffee6384470:   00007ffee6384470 000000012b61f018
0x00007ffee6384480:   00007ffee63844f0 000000012b6208f8
0x00007ffee6384490:   0000000000000000 0000000787854d00
0x00007ffee63844a0:   000000012b61f018 0000000000000000
0x00007ffee63844b0:   00007ffee63844d8 00007ffee6384540
0x00007ffee63844c0:   0000000117fb0ef3 0000000000000000
0x00007ffee63844d0:   0000000117fb3758 000000078774ba38
0x00007ffee63844e0:   000000078774ba10 000000078774b9e8
0x00007ffee63844f0:   0000000787854df0 00007ffee63844f8
0x00007ffee6384500:   000000012b61ee45 00007ffee6384568
0x00007ffee6384510:   000000012b6208f8 0000000000000000
0x00007ffee6384520:   0000000787854d00 000000012b61ee88
0x00007ffee6384530:   00007ffee63844d8 00007ffee6384550
0x00007ffee6384540:   00007ffee63845b8 0000000117fb0c40
0x00007ffee6384550:   000000078774ba28 000000078774ba00
0x00007ffee6384560:   000000078774b9d8 0000000787854df0
0x00007ffee6384570:   00007ffee6384570 000000012b61ed72
0x00007ffee6384580:   00007ffee63845d8 000000012b6208f8
0x00007ffee6384590:   0000000000000000 0000000787854d00
0x00007ffee63845a0:   000000012b61eda8 00007ffee6384550
0x00007ffee63845b0:   00007ffee63845c8 00007ffee6384628
0x00007ffee63845c0:   0000000117fb0c40 000000078774ba00
0x00007ffee63845d0:   000000078774b9d8 0000000787854df0 

Instructions: (pc=0x00007fff203ae029)
0x00007fff203adf29:   75 df 5d c3 66 0f ef d2 48 f7 c6 0f 00 00 00 74
0x00007fff203adf39:   76 49 89 f1 49 f7 d9 49 81 e1 f0 0f 00 00 0f 84
0x00007fff203adf49:   36 00 00 00 0f 1f 00 66 0f 6f 04 0f f3 0f 6f 0c
0x00007fff203adf59:   0e 66 0f 74 c1 66 0f 74 ca 66 0f df c8 66 0f d7
0x00007fff203adf69:   c1 48 83 c1 10 3d ff ff 00 00 75 60 4c 39 c9 75
0x00007fff203adf79:   d6 4c 01 cf 4c 01 ce 48 31 c9 48 0f b6 07 4c 0f
0x00007fff203adf89:   b6 06 48 ff c7 48 ff c6 4c 29 c0 75 95 4d 85 c0
0x00007fff203adf99:   74 90 48 f7 c7 0f 00 00 00 75 df 49 c7 c1 f0 0f
0x00007fff203adfa9:   00 00 e9 a0 ff ff ff 66 0f 6f 04 0f f3 0f 6f 0c
0x00007fff203adfb9:   0e 66 0f 74 c1 66 0f 74 ca 66 0f df c8 66 0f d7
0x00007fff203adfc9:   c1 48 83 c1 10 3d ff ff 00 00 74 db f7 d0 0f bc
0x00007fff203adfd9:   c0 48 01 c1 48 0f b6 44 0f f0 4c 0f b6 44 0e f0
0x00007fff203adfe9:   4c 29 c0 5d c3 90 90 90 90 90 90 90 90 90 90 90
0x00007fff203adff9:   90 90 90 90 90 90 90 55 48 89 e5 49 89 fb 49 29
0x00007fff203ae009:   f3 48 89 f8 49 39 d3 72 1b 48 83 fa 60 76 2f 48
0x00007fff203ae019:   81 fa 00 40 00 00 0f 82 cb 00 00 00 48 89 d1 fc
0x00007fff203ae029:   f3 a4 5d c3 48 39 fe 74 f9 48 01 d6 48 01 d7 48
0x00007fff203ae039:   83 fa 60 0f 82 8c 01 00 00 e9 a9 01 00 00 48 83
0x00007fff203ae049:   fa 10 76 56 c5 f8 10 4c 16 f0 48 83 ea 20 76 2a
0x00007fff203ae059:   c5 fc 10 06 c5 fc 11 07 48 83 c6 20 48 83 c7 20
0x00007fff203ae069:   48 83 ea 20 72 14 c5 fc 10 06 c5 fc 11 07 48 83
0x00007fff203ae079:   c6 20 48 83 c7 20 48 83 ea 20 48 83 c2 10 7e 0c
0x00007fff203ae089:   c5 f8 10 06 c5 f8 11 07 c5 f8 57 c0 c5 f8 11 0c
0x00007fff203ae099:   17 c5 f0 57 c9 5d c5 f8 77 c3 48 83 ea 08 72 10
0x00007fff203ae0a9:   48 8b 0e 4c 8b 04 16 48 89 0f 4c 89 04 17 5d c3
0x00007fff203ae0b9:   48 83 c2 08 74 25 4d 31 c0 42 8a 0c 06 42 88 0c
0x00007fff203ae0c9:   07 48 83 ea 01 74 14 42 8a 4c 06 01 42 88 4c 07
0x00007fff203ae0d9:   01 49 83 c0 02 48 83 ea 01 75 de 5d c3 66 2e 0f
0x00007fff203ae0e9:   1f 84 00 00 00 00 00 c5 fc 10 06 48 83 c7 20 48
0x00007fff203ae0f9:   83 e7 e0 48 89 f9 48 29 c1 48 01 ce 48 29 ca c5
0x00007fff203ae109:   fc 10 0e c5 fc 11 00 c5 fc 57 c0 c5 fc 10 56 20
0x00007fff203ae119:   48 83 c6 40 48 81 ea 80 00 00 00 76 5a 48 f7 c6 


Stack slot to memory mapping:
stack at sp + 0 slots: 0x00007ffee6384440 is pointing into the stack for thread: 0x00007f8a6201e800
stack at sp + 1 slots: 0x0000000130afa31a: Java_imgui_ImFontAtlas_nGetTexDataAsRGBA32+0xda in /private/var/folders/m7/tl13ns8d67z494r78bnl1lg00000gn/T/imgui-java-natives_1656383195067/libimgui-java64.dylib at 0x0000000130a49000
stack at sp + 2 slots: 0x8086020001000240 is an unknown value
stack at sp + 3 slots: 0x00007ffee63844d8 is pointing into the stack for thread: 0x00007f8a6201e800
stack at sp + 4 slots: 0x00007ffee63844e0 is pointing into the stack for thread: 0x00007f8a6201e800
stack at sp + 5 slots: 0x00007ffee63844e8 is pointing into the stack for thread: 0x00007f8a6201e800
stack at sp + 6 slots: 0x00007ffee63844f0 is pointing into the stack for thread: 0x00007f8a6201e800
stack at sp + 7 slots: {method} {0x000000012b61f018} 'nGetTexDataAsRGBA32' '([I[I[I)V' in 'imgui/ImFontAtlas'


---------------  P R O C E S S  ---------------

Threads class SMR info:
_java_thread_list=0x00007f8a61f126e0, length=10, elements={
0x00007f8a6201e800, 0x00007f8a62898000, 0x00007f8a6289b000, 0x00007f8a63811000,
0x00007f8a6380f000, 0x00007f8a63814000, 0x00007f8a63815000, 0x00007f8a63816000,
0x00007f8a6382e800, 0x00007f8a6382f800
}

Java Threads: ( => current thread )
=>0x00007f8a6201e800 JavaThread "main" [_thread_in_native, id=259, stack(0x00007ffee5b88000,0x00007ffee6388000)]
  0x00007f8a62898000 JavaThread "Reference Handler" daemon [_thread_blocked, id=17923, stack(0x000070000f32a000,0x000070000f42a000)]
  0x00007f8a6289b000 JavaThread "Finalizer" daemon [_thread_blocked, id=14595, stack(0x000070000f42d000,0x000070000f52d000)]
  0x00007f8a63811000 JavaThread "Signal Dispatcher" daemon [_thread_blocked, id=21763, stack(0x000070000f636000,0x000070000f736000)]
  0x00007f8a6380f000 JavaThread "Service Thread" daemon [_thread_blocked, id=43011, stack(0x000070000f739000,0x000070000f839000)]
  0x00007f8a63814000 JavaThread "C2 CompilerThread0" daemon [_thread_blocked, id=22531, stack(0x000070000f83c000,0x000070000f93c000)]
  0x00007f8a63815000 JavaThread "C1 CompilerThread0" daemon [_thread_blocked, id=23043, stack(0x000070000f93f000,0x000070000fa3f000)]
  0x00007f8a63816000 JavaThread "Sweeper thread" daemon [_thread_blocked, id=23555, stack(0x000070000fa42000,0x000070000fb42000)]
  0x00007f8a6382e800 JavaThread "Notification Thread" daemon [_thread_blocked, id=24323, stack(0x000070000fb45000,0x000070000fc45000)]
  0x00007f8a6382f800 JavaThread "Common-Cleaner" daemon [_thread_blocked, id=41475, stack(0x000070000fd4b000,0x000070000fe4b000)]

Other Threads:
  0x00007f8a62044000 VMThread "VM Thread" [stack: 0x000070000f227000,0x000070000f327000] [id=13315]
  0x00007f8a63009800 WatcherThread [stack: 0x000070000fc48000,0x000070000fd48000] [id=24835]
  0x00007f8a62040800 GCTaskThread "GC Thread#0" [stack: 0x000070000ed18000,0x000070000ee18000] [id=19971]
  0x00007f8a6281b800 ConcurrentGCThread "G1 Main Marker" [stack: 0x000070000ee1b000,0x000070000ef1b000] [id=12291]
  0x00007f8a6281c800 ConcurrentGCThread "G1 Conc#0" [stack: 0x000070000ef1e000,0x000070000f01e000] [id=19203]
  0x00007f8a6286d000 ConcurrentGCThread "G1 Refine#0" [stack: 0x000070000f021000,0x000070000f121000] [id=18947]
  0x00007f8a6286e000 ConcurrentGCThread "G1 Young RemSet Sampling" [stack: 0x000070000f124000,0x000070000f224000] [id=13059]

Threads with active compile tasks:

VM state:not at safepoint (normal execution)

VM Mutex/Monitor currently owned by a thread: None

Heap address: 0x0000000780000000, size: 2048 MB, Compressed Oops mode: Zero based, Oop shift amount: 3
Narrow klass base: 0x0000000800000000, Narrow klass shift: 3
Compressed class space size: 1073741824 Address: 0x0000000800b05000

Heap:
 garbage-first heap   total 133120K, used 9008K [0x0000000780000000, 0x0000000800000000)
  region size 1024K, 9 young (9216K), 0 survivors (0K)
 Metaspace       used 4367K, capacity 7544K, committed 7808K, reserved 1056768K
  class space    used 265K, capacity 586K, committed 640K, reserved 1048576K
Heap Regions: E=young(eden), S=young(survivor), O=old, HS=humongous(starts), HC=humongous(continues), CS=collection set, F=free, OA=open archive, CA=closed archive, TAMS=top-at-mark-start (previous, next)
|   0|0x0000000780000000, 0x0000000780000000, 0x0000000780100000|  0%| F|  |TAMS 0x0000000780000000, 0x0000000780000000| Untracked 
|   1|0x0000000780100000, 0x0000000780100000, 0x0000000780200000|  0%| F|  |TAMS 0x0000000780100000, 0x0000000780100000| Untracked 
|   2|0x0000000780200000, 0x0000000780200000, 0x0000000780300000|  0%| F|  |TAMS 0x0000000780200000, 0x0000000780200000| Untracked 
|   3|0x0000000780300000, 0x0000000780300000, 0x0000000780400000|  0%| F|  |TAMS 0x0000000780300000, 0x0000000780300000| Untracked 
|   4|0x0000000780400000, 0x0000000780400000, 0x0000000780500000|  0%| F|  |TAMS 0x0000000780400000, 0x0000000780400000| Untracked 
|   5|0x0000000780500000, 0x0000000780500000, 0x0000000780600000|  0%| F|  |TAMS 0x0000000780500000, 0x0000000780500000| Untracked 
|   6|0x0000000780600000, 0x0000000780600000, 0x0000000780700000|  0%| F|  |TAMS 0x0000000780600000, 0x0000000780600000| Untracked 
|   7|0x0000000780700000, 0x0000000780700000, 0x0000000780800000|  0%| F|  |TAMS 0x0000000780700000, 0x0000000780700000| Untracked 
|   8|0x0000000780800000, 0x0000000780800000, 0x0000000780900000|  0%| F|  |TAMS 0x0000000780800000, 0x0000000780800000| Untracked 
|   9|0x0000000780900000, 0x0000000780900000, 0x0000000780a00000|  0%| F|  |TAMS 0x0000000780900000, 0x0000000780900000| Untracked 
|  10|0x0000000780a00000, 0x0000000780a00000, 0x0000000780b00000|  0%| F|  |TAMS 0x0000000780a00000, 0x0000000780a00000| Untracked 
|  11|0x0000000780b00000, 0x0000000780b00000, 0x0000000780c00000|  0%| F|  |TAMS 0x0000000780b00000, 0x0000000780b00000| Untracked 
|  12|0x0000000780c00000, 0x0000000780c00000, 0x0000000780d00000|  0%| F|  |TAMS 0x0000000780c00000, 0x0000000780c00000| Untracked 
|  13|0x0000000780d00000, 0x0000000780d00000, 0x0000000780e00000|  0%| F|  |TAMS 0x0000000780d00000, 0x0000000780d00000| Untracked 
|  14|0x0000000780e00000, 0x0000000780e00000, 0x0000000780f00000|  0%| F|  |TAMS 0x0000000780e00000, 0x0000000780e00000| Untracked 
|  15|0x0000000780f00000, 0x0000000780f00000, 0x0000000781000000|  0%| F|  |TAMS 0x0000000780f00000, 0x0000000780f00000| Untracked 
|  16|0x0000000781000000, 0x0000000781000000, 0x0000000781100000|  0%| F|  |TAMS 0x0000000781000000, 0x0000000781000000| Untracked 
|  17|0x0000000781100000, 0x0000000781100000, 0x0000000781200000|  0%| F|  |TAMS 0x0000000781100000, 0x0000000781100000| Untracked 
|  18|0x0000000781200000, 0x0000000781200000, 0x0000000781300000|  0%| F|  |TAMS 0x0000000781200000, 0x0000000781200000| Untracked 
|  19|0x0000000781300000, 0x0000000781300000, 0x0000000781400000|  0%| F|  |TAMS 0x0000000781300000, 0x0000000781300000| Untracked 
|  20|0x0000000781400000, 0x0000000781400000, 0x0000000781500000|  0%| F|  |TAMS 0x0000000781400000, 0x0000000781400000| Untracked 
|  21|0x0000000781500000, 0x0000000781500000, 0x0000000781600000|  0%| F|  |TAMS 0x0000000781500000, 0x0000000781500000| Untracked 
|  22|0x0000000781600000, 0x0000000781600000, 0x0000000781700000|  0%| F|  |TAMS 0x0000000781600000, 0x0000000781600000| Untracked 
|  23|0x0000000781700000, 0x0000000781700000, 0x0000000781800000|  0%| F|  |TAMS 0x0000000781700000, 0x0000000781700000| Untracked 
|  24|0x0000000781800000, 0x0000000781800000, 0x0000000781900000|  0%| F|  |TAMS 0x0000000781800000, 0x0000000781800000| Untracked 
|  25|0x0000000781900000, 0x0000000781900000, 0x0000000781a00000|  0%| F|  |TAMS 0x0000000781900000, 0x0000000781900000| Untracked 
|  26|0x0000000781a00000, 0x0000000781a00000, 0x0000000781b00000|  0%| F|  |TAMS 0x0000000781a00000, 0x0000000781a00000| Untracked 
|  27|0x0000000781b00000, 0x0000000781b00000, 0x0000000781c00000|  0%| F|  |TAMS 0x0000000781b00000, 0x0000000781b00000| Untracked 
|  28|0x0000000781c00000, 0x0000000781c00000, 0x0000000781d00000|  0%| F|  |TAMS 0x0000000781c00000, 0x0000000781c00000| Untracked 
|  29|0x0000000781d00000, 0x0000000781d00000, 0x0000000781e00000|  0%| F|  |TAMS 0x0000000781d00000, 0x0000000781d00000| Untracked 
|  30|0x0000000781e00000, 0x0000000781e00000, 0x0000000781f00000|  0%| F|  |TAMS 0x0000000781e00000, 0x0000000781e00000| Untracked 
|  31|0x0000000781f00000, 0x0000000781f00000, 0x0000000782000000|  0%| F|  |TAMS 0x0000000781f00000, 0x0000000781f00000| Untracked 
|  32|0x0000000782000000, 0x0000000782000000, 0x0000000782100000|  0%| F|  |TAMS 0x0000000782000000, 0x0000000782000000| Untracked 
|  33|0x0000000782100000, 0x0000000782100000, 0x0000000782200000|  0%| F|  |TAMS 0x0000000782100000, 0x0000000782100000| Untracked 
|  34|0x0000000782200000, 0x0000000782200000, 0x0000000782300000|  0%| F|  |TAMS 0x0000000782200000, 0x0000000782200000| Untracked 
|  35|0x0000000782300000, 0x0000000782300000, 0x0000000782400000|  0%| F|  |TAMS 0x0000000782300000, 0x0000000782300000| Untracked 
|  36|0x0000000782400000, 0x0000000782400000, 0x0000000782500000|  0%| F|  |TAMS 0x0000000782400000, 0x0000000782400000| Untracked 
|  37|0x0000000782500000, 0x0000000782500000, 0x0000000782600000|  0%| F|  |TAMS 0x0000000782500000, 0x0000000782500000| Untracked 
|  38|0x0000000782600000, 0x0000000782600000, 0x0000000782700000|  0%| F|  |TAMS 0x0000000782600000, 0x0000000782600000| Untracked 
|  39|0x0000000782700000, 0x0000000782700000, 0x0000000782800000|  0%| F|  |TAMS 0x0000000782700000, 0x0000000782700000| Untracked 
|  40|0x0000000782800000, 0x0000000782800000, 0x0000000782900000|  0%| F|  |TAMS 0x0000000782800000, 0x0000000782800000| Untracked 
|  41|0x0000000782900000, 0x0000000782900000, 0x0000000782a00000|  0%| F|  |TAMS 0x0000000782900000, 0x0000000782900000| Untracked 
|  42|0x0000000782a00000, 0x0000000782a00000, 0x0000000782b00000|  0%| F|  |TAMS 0x0000000782a00000, 0x0000000782a00000| Untracked 
|  43|0x0000000782b00000, 0x0000000782b00000, 0x0000000782c00000|  0%| F|  |TAMS 0x0000000782b00000, 0x0000000782b00000| Untracked 
|  44|0x0000000782c00000, 0x0000000782c00000, 0x0000000782d00000|  0%| F|  |TAMS 0x0000000782c00000, 0x0000000782c00000| Untracked 
|  45|0x0000000782d00000, 0x0000000782d00000, 0x0000000782e00000|  0%| F|  |TAMS 0x0000000782d00000, 0x0000000782d00000| Untracked 
|  46|0x0000000782e00000, 0x0000000782e00000, 0x0000000782f00000|  0%| F|  |TAMS 0x0000000782e00000, 0x0000000782e00000| Untracked 
|  47|0x0000000782f00000, 0x0000000782f00000, 0x0000000783000000|  0%| F|  |TAMS 0x0000000782f00000, 0x0000000782f00000| Untracked 
|  48|0x0000000783000000, 0x0000000783000000, 0x0000000783100000|  0%| F|  |TAMS 0x0000000783000000, 0x0000000783000000| Untracked 
|  49|0x0000000783100000, 0x0000000783100000, 0x0000000783200000|  0%| F|  |TAMS 0x0000000783100000, 0x0000000783100000| Untracked 
|  50|0x0000000783200000, 0x0000000783200000, 0x0000000783300000|  0%| F|  |TAMS 0x0000000783200000, 0x0000000783200000| Untracked 
|  51|0x0000000783300000, 0x0000000783300000, 0x0000000783400000|  0%| F|  |TAMS 0x0000000783300000, 0x0000000783300000| Untracked 
|  52|0x0000000783400000, 0x0000000783400000, 0x0000000783500000|  0%| F|  |TAMS 0x0000000783400000, 0x0000000783400000| Untracked 
|  53|0x0000000783500000, 0x0000000783500000, 0x0000000783600000|  0%| F|  |TAMS 0x0000000783500000, 0x0000000783500000| Untracked 
|  54|0x0000000783600000, 0x0000000783600000, 0x0000000783700000|  0%| F|  |TAMS 0x0000000783600000, 0x0000000783600000| Untracked 
|  55|0x0000000783700000, 0x0000000783700000, 0x0000000783800000|  0%| F|  |TAMS 0x0000000783700000, 0x0000000783700000| Untracked 
|  56|0x0000000783800000, 0x0000000783800000, 0x0000000783900000|  0%| F|  |TAMS 0x0000000783800000, 0x0000000783800000| Untracked 
|  57|0x0000000783900000, 0x0000000783900000, 0x0000000783a00000|  0%| F|  |TAMS 0x0000000783900000, 0x0000000783900000| Untracked 
|  58|0x0000000783a00000, 0x0000000783a00000, 0x0000000783b00000|  0%| F|  |TAMS 0x0000000783a00000, 0x0000000783a00000| Untracked 
|  59|0x0000000783b00000, 0x0000000783b00000, 0x0000000783c00000|  0%| F|  |TAMS 0x0000000783b00000, 0x0000000783b00000| Untracked 
|  60|0x0000000783c00000, 0x0000000783c00000, 0x0000000783d00000|  0%| F|  |TAMS 0x0000000783c00000, 0x0000000783c00000| Untracked 
|  61|0x0000000783d00000, 0x0000000783d00000, 0x0000000783e00000|  0%| F|  |TAMS 0x0000000783d00000, 0x0000000783d00000| Untracked 
|  62|0x0000000783e00000, 0x0000000783e00000, 0x0000000783f00000|  0%| F|  |TAMS 0x0000000783e00000, 0x0000000783e00000| Untracked 
|  63|0x0000000783f00000, 0x0000000783f00000, 0x0000000784000000|  0%| F|  |TAMS 0x0000000783f00000, 0x0000000783f00000| Untracked 
|  64|0x0000000784000000, 0x0000000784000000, 0x0000000784100000|  0%| F|  |TAMS 0x0000000784000000, 0x0000000784000000| Untracked 
|  65|0x0000000784100000, 0x0000000784100000, 0x0000000784200000|  0%| F|  |TAMS 0x0000000784100000, 0x0000000784100000| Untracked 
|  66|0x0000000784200000, 0x0000000784200000, 0x0000000784300000|  0%| F|  |TAMS 0x0000000784200000, 0x0000000784200000| Untracked 
|  67|0x0000000784300000, 0x0000000784300000, 0x0000000784400000|  0%| F|  |TAMS 0x0000000784300000, 0x0000000784300000| Untracked 
|  68|0x0000000784400000, 0x0000000784400000, 0x0000000784500000|  0%| F|  |TAMS 0x0000000784400000, 0x0000000784400000| Untracked 
|  69|0x0000000784500000, 0x0000000784500000, 0x0000000784600000|  0%| F|  |TAMS 0x0000000784500000, 0x0000000784500000| Untracked 
|  70|0x0000000784600000, 0x0000000784600000, 0x0000000784700000|  0%| F|  |TAMS 0x0000000784600000, 0x0000000784600000| Untracked 
|  71|0x0000000784700000, 0x0000000784700000, 0x0000000784800000|  0%| F|  |TAMS 0x0000000784700000, 0x0000000784700000| Untracked 
|  72|0x0000000784800000, 0x0000000784800000, 0x0000000784900000|  0%| F|  |TAMS 0x0000000784800000, 0x0000000784800000| Untracked 
|  73|0x0000000784900000, 0x0000000784900000, 0x0000000784a00000|  0%| F|  |TAMS 0x0000000784900000, 0x0000000784900000| Untracked 
|  74|0x0000000784a00000, 0x0000000784a00000, 0x0000000784b00000|  0%| F|  |TAMS 0x0000000784a00000, 0x0000000784a00000| Untracked 
|  75|0x0000000784b00000, 0x0000000784b00000, 0x0000000784c00000|  0%| F|  |TAMS 0x0000000784b00000, 0x0000000784b00000| Untracked 
|  76|0x0000000784c00000, 0x0000000784c00000, 0x0000000784d00000|  0%| F|  |TAMS 0x0000000784c00000, 0x0000000784c00000| Untracked 
|  77|0x0000000784d00000, 0x0000000784d00000, 0x0000000784e00000|  0%| F|  |TAMS 0x0000000784d00000, 0x0000000784d00000| Untracked 
|  78|0x0000000784e00000, 0x0000000784e00000, 0x0000000784f00000|  0%| F|  |TAMS 0x0000000784e00000, 0x0000000784e00000| Untracked 
|  79|0x0000000784f00000, 0x0000000784f00000, 0x0000000785000000|  0%| F|  |TAMS 0x0000000784f00000, 0x0000000784f00000| Untracked 
|  80|0x0000000785000000, 0x0000000785000000, 0x0000000785100000|  0%| F|  |TAMS 0x0000000785000000, 0x0000000785000000| Untracked 
|  81|0x0000000785100000, 0x0000000785100000, 0x0000000785200000|  0%| F|  |TAMS 0x0000000785100000, 0x0000000785100000| Untracked 
|  82|0x0000000785200000, 0x0000000785200000, 0x0000000785300000|  0%| F|  |TAMS 0x0000000785200000, 0x0000000785200000| Untracked 
|  83|0x0000000785300000, 0x0000000785300000, 0x0000000785400000|  0%| F|  |TAMS 0x0000000785300000, 0x0000000785300000| Untracked 
|  84|0x0000000785400000, 0x0000000785400000, 0x0000000785500000|  0%| F|  |TAMS 0x0000000785400000, 0x0000000785400000| Untracked 
|  85|0x0000000785500000, 0x0000000785500000, 0x0000000785600000|  0%| F|  |TAMS 0x0000000785500000, 0x0000000785500000| Untracked 
|  86|0x0000000785600000, 0x0000000785600000, 0x0000000785700000|  0%| F|  |TAMS 0x0000000785600000, 0x0000000785600000| Untracked 
|  87|0x0000000785700000, 0x0000000785700000, 0x0000000785800000|  0%| F|  |TAMS 0x0000000785700000, 0x0000000785700000| Untracked 
|  88|0x0000000785800000, 0x0000000785800000, 0x0000000785900000|  0%| F|  |TAMS 0x0000000785800000, 0x0000000785800000| Untracked 
|  89|0x0000000785900000, 0x0000000785900000, 0x0000000785a00000|  0%| F|  |TAMS 0x0000000785900000, 0x0000000785900000| Untracked 
|  90|0x0000000785a00000, 0x0000000785a00000, 0x0000000785b00000|  0%| F|  |TAMS 0x0000000785a00000, 0x0000000785a00000| Untracked 
|  91|0x0000000785b00000, 0x0000000785b00000, 0x0000000785c00000|  0%| F|  |TAMS 0x0000000785b00000, 0x0000000785b00000| Untracked 
|  92|0x0000000785c00000, 0x0000000785c00000, 0x0000000785d00000|  0%| F|  |TAMS 0x0000000785c00000, 0x0000000785c00000| Untracked 
|  93|0x0000000785d00000, 0x0000000785d00000, 0x0000000785e00000|  0%| F|  |TAMS 0x0000000785d00000, 0x0000000785d00000| Untracked 
|  94|0x0000000785e00000, 0x0000000785e00000, 0x0000000785f00000|  0%| F|  |TAMS 0x0000000785e00000, 0x0000000785e00000| Untracked 
|  95|0x0000000785f00000, 0x0000000785f00000, 0x0000000786000000|  0%| F|  |TAMS 0x0000000785f00000, 0x0000000785f00000| Untracked 
|  96|0x0000000786000000, 0x0000000786000000, 0x0000000786100000|  0%| F|  |TAMS 0x0000000786000000, 0x0000000786000000| Untracked 
|  97|0x0000000786100000, 0x0000000786100000, 0x0000000786200000|  0%| F|  |TAMS 0x0000000786100000, 0x0000000786100000| Untracked 
|  98|0x0000000786200000, 0x0000000786200000, 0x0000000786300000|  0%| F|  |TAMS 0x0000000786200000, 0x0000000786200000| Untracked 
|  99|0x0000000786300000, 0x0000000786300000, 0x0000000786400000|  0%| F|  |TAMS 0x0000000786300000, 0x0000000786300000| Untracked 
| 100|0x0000000786400000, 0x0000000786400000, 0x0000000786500000|  0%| F|  |TAMS 0x0000000786400000, 0x0000000786400000| Untracked 
| 101|0x0000000786500000, 0x0000000786500000, 0x0000000786600000|  0%| F|  |TAMS 0x0000000786500000, 0x0000000786500000| Untracked 
| 102|0x0000000786600000, 0x0000000786600000, 0x0000000786700000|  0%| F|  |TAMS 0x0000000786600000, 0x0000000786600000| Untracked 
| 103|0x0000000786700000, 0x0000000786700000, 0x0000000786800000|  0%| F|  |TAMS 0x0000000786700000, 0x0000000786700000| Untracked 
| 104|0x0000000786800000, 0x0000000786800000, 0x0000000786900000|  0%| F|  |TAMS 0x0000000786800000, 0x0000000786800000| Untracked 
| 105|0x0000000786900000, 0x0000000786900000, 0x0000000786a00000|  0%| F|  |TAMS 0x0000000786900000, 0x0000000786900000| Untracked 
| 106|0x0000000786a00000, 0x0000000786a00000, 0x0000000786b00000|  0%| F|  |TAMS 0x0000000786a00000, 0x0000000786a00000| Untracked 
| 107|0x0000000786b00000, 0x0000000786b00000, 0x0000000786c00000|  0%| F|  |TAMS 0x0000000786b00000, 0x0000000786b00000| Untracked 
| 108|0x0000000786c00000, 0x0000000786c00000, 0x0000000786d00000|  0%| F|  |TAMS 0x0000000786c00000, 0x0000000786c00000| Untracked 
| 109|0x0000000786d00000, 0x0000000786d00000, 0x0000000786e00000|  0%| F|  |TAMS 0x0000000786d00000, 0x0000000786d00000| Untracked 
| 110|0x0000000786e00000, 0x0000000786e00000, 0x0000000786f00000|  0%| F|  |TAMS 0x0000000786e00000, 0x0000000786e00000| Untracked 
| 111|0x0000000786f00000, 0x0000000786f00000, 0x0000000787000000|  0%| F|  |TAMS 0x0000000786f00000, 0x0000000786f00000| Untracked 
| 112|0x0000000787000000, 0x0000000787000000, 0x0000000787100000|  0%| F|  |TAMS 0x0000000787000000, 0x0000000787000000| Untracked 
| 113|0x0000000787100000, 0x0000000787100000, 0x0000000787200000|  0%| F|  |TAMS 0x0000000787100000, 0x0000000787100000| Untracked 
| 114|0x0000000787200000, 0x0000000787200000, 0x0000000787300000|  0%| F|  |TAMS 0x0000000787200000, 0x0000000787200000| Untracked 
| 115|0x0000000787300000, 0x0000000787300000, 0x0000000787400000|  0%| F|  |TAMS 0x0000000787300000, 0x0000000787300000| Untracked 
| 116|0x0000000787400000, 0x0000000787400000, 0x0000000787500000|  0%| F|  |TAMS 0x0000000787400000, 0x0000000787400000| Untracked 
| 117|0x0000000787500000, 0x0000000787500000, 0x0000000787600000|  0%| F|  |TAMS 0x0000000787500000, 0x0000000787500000| Untracked 
| 118|0x0000000787600000, 0x0000000787600000, 0x0000000787700000|  0%| F|  |TAMS 0x0000000787600000, 0x0000000787600000| Untracked 
| 119|0x0000000787700000, 0x0000000787753868, 0x0000000787800000| 32%| E|  |TAMS 0x0000000787700000, 0x0000000787700000| Complete 
| 120|0x0000000787800000, 0x0000000787900000, 0x0000000787900000|100%| E|CS|TAMS 0x0000000787800000, 0x0000000787800000| Complete 
| 121|0x0000000787900000, 0x0000000787a00000, 0x0000000787a00000|100%| E|CS|TAMS 0x0000000787900000, 0x0000000787900000| Complete 
| 122|0x0000000787a00000, 0x0000000787b00000, 0x0000000787b00000|100%| E|CS|TAMS 0x0000000787a00000, 0x0000000787a00000| Complete 
| 123|0x0000000787b00000, 0x0000000787c00000, 0x0000000787c00000|100%| E|CS|TAMS 0x0000000787b00000, 0x0000000787b00000| Complete 
| 124|0x0000000787c00000, 0x0000000787d00000, 0x0000000787d00000|100%| E|CS|TAMS 0x0000000787c00000, 0x0000000787c00000| Complete 
| 125|0x0000000787d00000, 0x0000000787e00000, 0x0000000787e00000|100%| E|CS|TAMS 0x0000000787d00000, 0x0000000787d00000| Complete 
| 126|0x0000000787e00000, 0x0000000787f00000, 0x0000000787f00000|100%| E|CS|TAMS 0x0000000787e00000, 0x0000000787e00000| Complete 
| 127|0x0000000787f00000, 0x0000000788000000, 0x0000000788000000|100%| E|CS|TAMS 0x0000000787f00000, 0x0000000787f00000| Complete 
|1022|0x00000007bfe00000, 0x00000007bfe51000, 0x00000007bff00000| 31%|OA|  |TAMS 0x00000007bfe00000, 0x00000007bfe00000| Untracked 
|1023|0x00000007bff00000, 0x00000007bff7b000, 0x00000007c0000000| 48%|CA|  |TAMS 0x00000007bff00000, 0x00000007bff00000| Untracked 

Card table byte_map: [0x000000010cd8a000,0x000000010d18a000] _byte_map_base: 0x000000010918a000

Marking Bits (Prev, Next): (CMBitMap*) 0x00007f8a6280b218, (CMBitMap*) 0x00007f8a6280b258
 Prev Bits: [0x000000010d58a000, 0x000000010f58a000)
 Next Bits: [0x0000000126fa7000, 0x0000000128fa7000)

Polling page: 0x00000001098b4000

Metaspace:

Usage:
  Non-class:      6.79 MB capacity,     4.01 MB ( 59%) used,     2.78 MB ( 41%) free+waste,     9.44 KB ( <1%) overhead. 
      Class:    586.00 KB capacity,   265.43 KB ( 45%) used,   315.88 KB ( 54%) free+waste,     4.69 KB ( <1%) overhead. 
       Both:      7.37 MB capacity,     4.26 MB ( 58%) used,     3.09 MB ( 42%) free+waste,    14.12 KB ( <1%) overhead. 

Virtual space:
  Non-class space:        8.00 MB reserved,       7.00 MB ( 88%) committed 
      Class space:        1.00 GB reserved,     640.00 KB ( <1%) committed 
             Both:        1.01 GB reserved,       7.62 MB ( <1%) committed 

Chunk freelists:
   Non-Class:  54.00 KB
       Class:  2.00 KB
        Both:  56.00 KB

MaxMetaspaceSize: unlimited
CompressedClassSpaceSize: 1.00 GB

CodeHeap 'non-profiled nmethods': size=120032Kb used=170Kb max_used=170Kb free=119861Kb
 bounds [0x000000011fa6f000, 0x000000011fcdf000, 0x0000000126fa7000]
CodeHeap 'profiled nmethods': size=120028Kb used=984Kb max_used=984Kb free=119043Kb
 bounds [0x0000000118538000, 0x00000001187a8000, 0x000000011fa6f000]
CodeHeap 'non-nmethods': size=5700Kb used=1692Kb max_used=1695Kb free=4007Kb
 bounds [0x0000000117fa7000, 0x0000000118217000, 0x0000000118538000]
 total_blobs=1706 nmethods=591 adapters=1029
 compilation: enabled
              stopped_count=0, restarted_count=0
 full_count=0

Compilation events (20 events):
Event: 0.993 Thread 0x00007f8a63815000 nmethod 584 0x0000000118627790 code [0x0000000118627920, 0x0000000118627a50]
Event: 0.993 Thread 0x00007f8a63815000  580       3       java.io.UnixFileSystem::getBooleanAttributes (49 bytes)
Event: 0.994 Thread 0x00007f8a63814000 nmethod 572 0x000000011fa98810 code [0x000000011fa98a00, 0x000000011fa98f28]
Event: 0.994 Thread 0x00007f8a63814000  574       4       java.util.Arrays::copyOfRange (64 bytes)
Event: 0.994 Thread 0x00007f8a63815000 nmethod 580 0x0000000118627b10 code [0x0000000118627d40, 0x00000001186284b0]
Event: 0.994 Thread 0x00007f8a63815000  565       3       jdk.internal.org.objectweb.asm.ByteVector::<init> (13 bytes)
Event: 0.995 Thread 0x00007f8a63815000 nmethod 565 0x0000000118628790 code [0x0000000118628920, 0x0000000118628bb0]
Event: 0.996 Thread 0x00007f8a63815000  585       3       jdk.internal.org.objectweb.asm.Type::getArgumentsAndReturnSizes (132 bytes)
Event: 0.997 Thread 0x00007f8a63814000 nmethod 574 0x000000011fa99190 code [0x000000011fa99340, 0x000000011fa995d8]
Event: 0.999 Thread 0x00007f8a63815000 nmethod 585 0x0000000118628c90 code [0x0000000118629080, 0x000000011862ad50]
Event: 0.999 Thread 0x00007f8a63815000  587       3       org.lwjgl.system.Checks::checkBuffer (11 bytes)
Event: 1.000 Thread 0x00007f8a63815000 nmethod 587 0x000000011862b890 code [0x000000011862ba20, 0x000000011862bb60]
Event: 1.004 Thread 0x00007f8a63815000  588   !   3       jdk.internal.loader.URLClassPath$JarLoader::getResource (65 bytes)
Event: 1.005 Thread 0x00007f8a63815000 nmethod 588 0x000000011862bc10 code [0x000000011862be60, 0x000000011862c8e0]
Event: 1.005 Thread 0x00007f8a63815000  590       3       java.lang.ref.Reference::<init> (7 bytes)
Event: 1.005 Thread 0x00007f8a63815000 nmethod 590 0x000000011862cc10 code [0x000000011862cdc0, 0x000000011862d090]
Event: 1.005 Thread 0x00007f8a63815000  589       3       java.lang.invoke.MemberName::getInvocationType (56 bytes)
Event: 1.006 Thread 0x00007f8a63815000 nmethod 589 0x000000011862d190 code [0x000000011862d3a0, 0x000000011862dca0]
Event: 1.009 Thread 0x00007f8a63815000  591       3       java.nio.DirectIntBufferU::ix (10 bytes)
Event: 1.009 Thread 0x00007f8a63815000 nmethod 591 0x000000011862df10 code [0x000000011862e0a0, 0x000000011862e1d0]

GC Heap History (0 events):
No events

Deoptimization events (8 events):
Event: 0.217 Thread 0x00007f8a6201e800 DEOPT PACKING pc=0x00000001185545e8 sp=0x00007ffee63821e0
Event: 0.217 Thread 0x00007f8a6201e800 DEOPT UNPACKING pc=0x0000000117ff033a sp=0x00007ffee6381650 mode 0
Event: 0.243 Thread 0x00007f8a6201e800 DEOPT PACKING pc=0x0000000118593110 sp=0x00007ffee6383310
Event: 0.243 Thread 0x00007f8a6201e800 DEOPT UNPACKING pc=0x0000000117ff033a sp=0x00007ffee63827a0 mode 0
Event: 0.586 Thread 0x00007f8a6201e800 Uncommon trap: trap_request=0xffffff54 fr.pc=0x000000011fa927f0 relative=0x0000000000000070
Event: 0.586 Thread 0x00007f8a6201e800 Uncommon trap: reason=speculate_null_assert action=make_not_entrant pc=0x000000011fa927f0 method=sun.misc.Unsafe.putLong(Ljava/lang/Object;JJ)V @ 7 c2
Event: 0.586 Thread 0x00007f8a6201e800 DEOPT PACKING pc=0x000000011fa927f0 sp=0x00007ffee6384010
Event: 0.586 Thread 0x00007f8a6201e800 DEOPT UNPACKING pc=0x0000000117fefe25 sp=0x00007ffee6383fa8 mode 2

Classes unloaded (0 events):
No events

Classes redefined (0 events):
No events

Internal exceptions (13 events):
Event: 0.138 Thread 0x00007f8a6201e800 Exception <a 'java/lang/NoSuchMethodError'{0x0000000787d35108}: 'void java.lang.invoke.DelegatingMethodHandle$Holder.delegate(java.lang.Object, java.lang.Object, int, java.lang.Object)'> (0x0000000787d35108) 
thrown [./open/src/hotspot/share/interpreter/linkResolver.cpp, line 766]
Event: 0.139 Thread 0x00007f8a6201e800 Exception <a 'java/lang/NoSuchMethodError'{0x0000000787d3bdb8}: 'java.lang.Object java.lang.invoke.DirectMethodHandle$Holder.invokeStaticInit(java.lang.Object, java.lang.Object, java.lang.Object)'> (0x0000000787d3bdb8) 
thrown [./open/src/hotspot/share/interpreter/linkResolver.cpp, line 766]
Event: 0.148 Thread 0x00007f8a6201e800 Exception <a 'java/lang/NoSuchMethodError'{0x0000000787d610a0}: 'int java.lang.invoke.DirectMethodHandle$Holder.invokeSpecialIFC(java.lang.Object, java.lang.Object, int)'> (0x0000000787d610a0) 
thrown [./open/src/hotspot/share/interpreter/linkResolver.cpp, line 766]
Event: 0.174 Thread 0x00007f8a6201e800 Exception <a 'sun/nio/fs/UnixException'{0x0000000787d94ec8}> (0x0000000787d94ec8) 
thrown [./open/src/hotspot/share/prims/jni.cpp, line 599]
Event: 0.204 Thread 0x00007f8a6201e800 Exception <a 'java/lang/NoSuchMethodError'{0x0000000787c7ae68}: 'int java.lang.invoke.DirectMethodHandle$Holder.invokeStaticInit(java.lang.Object, java.lang.Object, int, long)'> (0x0000000787c7ae68) 
thrown [./open/src/hotspot/share/interpreter/linkResolver.cpp, line 766]
Event: 0.205 Thread 0x00007f8a6201e800 Exception <a 'java/lang/NoSuchMethodError'{0x0000000787c7f918}: 'java.lang.Object java.lang.invoke.Invokers$Holder.linkToTargetMethod(java.lang.Object, int, java.lang.Object)'> (0x0000000787c7f918) 
thrown [./open/src/hotspot/share/interpreter/linkResolver.cpp, line 766]
Event: 0.207 Thread 0x00007f8a6201e800 Exception <a 'java/lang/NoSuchMethodError'{0x0000000787c8c910}: 'int java.lang.invoke.DirectMethodHandle$Holder.invokeStaticInit(java.lang.Object, java.lang.Object, long, long)'> (0x0000000787c8c910) 
thrown [./open/src/hotspot/share/interpreter/linkResolver.cpp, line 766]
Event: 0.208 Thread 0x00007f8a6201e800 Exception <a 'java/lang/NoSuchMethodError'{0x0000000787c928c8}: 'java.lang.Object java.lang.invoke.Invokers$Holder.linkToTargetMethod(java.lang.Object, long, java.lang.Object)'> (0x0000000787c928c8) 
thrown [./open/src/hotspot/share/interpreter/linkResolver.cpp, line 766]
Event: 0.209 Thread 0x00007f8a6201e800 Exception <a 'java/lang/NoSuchMethodError'{0x0000000787c98530}: 'int java.lang.invoke.DirectMethodHandle$Holder.invokeStaticInit(java.lang.Object, java.lang.Object, java.lang.Object, long)'> (0x0000000787c98530) 
thrown [./open/src/hotspot/share/interpreter/linkResolver.cpp, line 766]
Event: 0.237 Thread 0x00007f8a6201e800 Exception <a 'sun/nio/fs/UnixException'{0x0000000787b57900}> (0x0000000787b57900) 
thrown [./open/src/hotspot/share/prims/jni.cpp, line 599]
Event: 0.270 Thread 0x00007f8a6201e800 Exception <a 'sun/nio/fs/UnixException'{0x0000000787be5640}> (0x0000000787be5640) 
thrown [./open/src/hotspot/share/prims/jni.cpp, line 599]
Event: 0.482 Thread 0x00007f8a6201e800 Exception <a 'sun/nio/fs/UnixException'{0x0000000787a28fd0}> (0x0000000787a28fd0) 
thrown [./open/src/hotspot/share/prims/jni.cpp, line 599]
Event: 0.760 Thread 0x00007f8a6201e800 Exception <a 'sun/nio/fs/UnixException'{0x000000078783f3f0}> (0x000000078783f3f0) 
thrown [./open/src/hotspot/share/prims/jni.cpp, line 599]

Events (20 events):
Event: 0.584 loading class java/util/function/IntFunction
Event: 0.584 loading class java/util/function/IntFunction done
Event: 0.753 loading class java/io/UncheckedIOException
Event: 0.753 loading class java/io/UncheckedIOException done
Event: 0.760 loading class java/nio/file/StandardCopyOption
Event: 0.760 loading class java/nio/file/StandardCopyOption done
Event: 0.791 Loaded shared library /Library/Java/JavaVirtualMachines/jdk-14.0.2.jdk/Contents/Home/lib/libnio.dylib
Event: 0.814 loading class java/io/DeleteOnExitHook
Event: 0.814 loading class java/io/DeleteOnExitHook done
Event: 0.814 loading class java/util/LinkedHashSet
Event: 0.814 loading class java/util/LinkedHashSet done
Event: 0.814 loading class java/io/DeleteOnExitHook$1
Event: 0.815 loading class java/io/DeleteOnExitHook$1 done
Event: 0.961 Loaded shared library /private/var/folders/m7/tl13ns8d67z494r78bnl1lg00000gn/T/imgui-java-natives_1656383195067/libimgui-java64.dylib
Event: 0.974 loading class sun/net/ProgressMonitor
Event: 0.975 loading class sun/net/ProgressMonitor done
Event: 0.975 loading class sun/net/DefaultProgressMeteringPolicy
Event: 0.975 loading class sun/net/ProgressMeteringPolicy
Event: 0.975 loading class sun/net/ProgressMeteringPolicy done
Event: 0.975 loading class sun/net/DefaultProgressMeteringPolicy done


Dynamic libraries:
0x00007fff2a47c000 	/usr/lib/libz.1.dylib
0x0000000109882000 	/Library/Java/JavaVirtualMachines/jdk-14.0.2.jdk/Contents/Home/lib/libjli.dylib
0x00007fff34eb0000 	/System/Library/Frameworks/Cocoa.framework/Versions/A/Cocoa
0x00007fff221fa000 	/System/Library/Frameworks/Security.framework/Versions/A/Security
0x00007fff330b8000 	/System/Library/Frameworks/ApplicationServices.framework/Versions/A/ApplicationServices
0x00007fff2a544000 	/usr/lib/libSystem.B.dylib
0x00007fff2a53e000 	/usr/lib/system/libcache.dylib
0x00007fff2a4fa000 	/usr/lib/system/libcommonCrypto.dylib
0x00007fff2a524000 	/usr/lib/system/libcompiler_rt.dylib
0x00007fff2a519000 	/usr/lib/system/libcopyfile.dylib
0x00007fff200f3000 	/usr/lib/system/libcorecrypto.dylib
0x00007fff201be000 	/usr/lib/system/libdispatch.dylib
0x00007fff20371000 	/usr/lib/system/libdyld.dylib
0x00007fff2a535000 	/usr/lib/system/libkeymgr.dylib
0x00007fff2d948000 	/usr/lib/system/liblaunch.dylib
0x00007fff2a4d8000 	/usr/lib/system/libmacho.dylib
0x00007fff29cd0000 	/usr/lib/system/libquarantine.dylib
0x00007fff2a532000 	/usr/lib/system/libremovefile.dylib
0x00007fff24bd6000 	/usr/lib/system/libsystem_asl.dylib
0x00007fff200a3000 	/usr/lib/system/libsystem_blocks.dylib
0x00007fff20240000 	/usr/lib/system/libsystem_c.dylib
0x00007fff2a52c000 	/usr/lib/system/libsystem_collections.dylib
0x00007fff28fd6000 	/usr/lib/system/libsystem_configuration.dylib
0x00007fff282c2000 	/usr/lib/system/libsystem_containermanager.dylib
0x00007fff2a27b000 	/usr/lib/system/libsystem_coreservices.dylib
0x00007fff227b2000 	/usr/lib/system/libsystem_darwin.dylib
0x00007fff2a536000 	/usr/lib/system/libsystem_dnssd.dylib
0x00007fff2023d000 	/usr/lib/system/libsystem_featureflags.dylib
0x00007fff203b7000 	/usr/lib/system/libsystem_info.dylib
0x00007fff2a48f000 	/usr/lib/system/libsystem_m.dylib
0x00007fff20191000 	/usr/lib/system/libsystem_malloc.dylib
0x00007fff24b69000 	/usr/lib/system/libsystem_networkextension.dylib
0x00007fff22bd1000 	/usr/lib/system/libsystem_notify.dylib
0x00007fff2fddf000 	/usr/lib/system/libsystem_product_info_filter.dylib
0x00007fff28fda000 	/usr/lib/system/libsystem_sandbox.dylib
0x00007fff2a52f000 	/usr/lib/system/libsystem_secinit.dylib
0x00007fff20335000 	/usr/lib/system/libsystem_kernel.dylib
0x00007fff203ad000 	/usr/lib/system/libsystem_platform.dylib
0x00007fff20365000 	/usr/lib/system/libsystem_pthread.dylib
0x00007fff262b3000 	/usr/lib/system/libsystem_symptoms.dylib
0x00007fff200db000 	/usr/lib/system/libsystem_trace.dylib
0x00007fff2a506000 	/usr/lib/system/libunwind.dylib
0x00007fff200a5000 	/usr/lib/system/libxpc.dylib
0x00007fff2031f000 	/usr/lib/libc++abi.dylib
0x00007fff20203000 	/usr/lib/libobjc.A.dylib
0x00007fff2a511000 	/usr/lib/liboah.dylib
0x00007fff202c9000 	/usr/lib/libc++.1.dylib
0x00007fff203e3000 	/System/Library/Frameworks/CoreFoundation.framework/Versions/A/CoreFoundation
0x00007fff21192000 	/System/Library/Frameworks/Foundation.framework/Versions/C/Foundation
0x00007fff22c2b000 	/System/Library/Frameworks/AppKit.framework/Versions/C/AppKit
0x00007fff25aef000 	/System/Library/Frameworks/CoreData.framework/Versions/A/CoreData
0x00007fff23977000 	/System/Library/PrivateFrameworks/UIFoundation.framework/Versions/A/UIFoundation
0x00007fff2fb72000 	/System/Library/PrivateFrameworks/RemoteViewServices.framework/Versions/A/RemoteViewServices
0x00007fff28988000 	/System/Library/PrivateFrameworks/XCTTargetBootstrap.framework/Versions/A/XCTTargetBootstrap
0x00007fff2b66e000 	/usr/lib/libspindump.dylib
0x00007fff23bc6000 	/System/Library/Frameworks/UniformTypeIdentifiers.framework/Versions/A/UniformTypeIdentifiers
0x00007fff2718c000 	/usr/lib/libapp_launch_measurement.dylib
0x00007fff2718f000 	/System/Library/PrivateFrameworks/CoreAutoLayout.framework/Versions/A/CoreAutoLayout
0x00007fff282ef000 	/System/Library/Frameworks/Metal.framework/Versions/A/Metal
0x00007fff28fe5000 	/usr/lib/liblangid.dylib
0x00007fff2898c000 	/System/Library/PrivateFrameworks/CoreSVG.framework/Versions/A/CoreSVG
0x00007fff24c06000 	/System/Library/PrivateFrameworks/SkyLight.framework/Versions/A/SkyLight
0x00007fff24f6c000 	/System/Library/Frameworks/CoreGraphics.framework/Versions/A/CoreGraphics
0x00007fff30099000 	/System/Library/Frameworks/Accelerate.framework/Versions/A/Accelerate
0x00007fff2b0ac000 	/System/Library/PrivateFrameworks/IconServices.framework/Versions/A/IconServices
0x00007fff282d3000 	/System/Library/Frameworks/IOSurface.framework/Versions/A/IOSurface
0x00007fff26477000 	/usr/lib/libDiagnosticMessagesClient.dylib
0x00007fff28974000 	/System/Library/PrivateFrameworks/DFRFoundation.framework/Versions/A/DFRFoundation
0x00007fff22552000 	/usr/lib/libicucore.A.dylib
0x00007fff2cbb1000 	/System/Library/Frameworks/AudioToolbox.framework/Versions/A/AudioToolbox
0x00007fff2be39000 	/System/Library/PrivateFrameworks/DataDetectorsCore.framework/Versions/A/DataDetectorsCore
0x00007fff24b79000 	/usr/lib/libMobileGestalt.dylib
0x00007fff28678000 	/System/Library/Frameworks/Carbon.framework/Versions/A/Frameworks/HIToolbox.framework/Versions/A/HIToolbox
0x00007fff26bd1000 	/System/Library/Frameworks/QuartzCore.framework/Versions/A/QuartzCore
0x00007fff2fbaa000 	/System/Library/Frameworks/Carbon.framework/Versions/A/Frameworks/SpeechRecognition.framework/Versions/A/SpeechRecognition
0x00007fff26ef1000 	/System/Library/PrivateFrameworks/CoreUI.framework/Versions/A/CoreUI
0x00007fff21b68000 	/System/Library/Frameworks/CoreAudio.framework/Versions/A/CoreAudio
0x00007fff26562000 	/System/Library/Frameworks/DiskArbitration.framework/Versions/A/DiskArbitration
0x00007fff2ba3c000 	/System/Library/PrivateFrameworks/MultitouchSupport.framework/Versions/A/MultitouchSupport
0x00007fff2be30000 	/System/Library/PrivateFrameworks/InternationalSupport.framework/Versions/A/InternationalSupport
0x00007fff24b78000 	/usr/lib/libenergytrace.dylib
0x00007fff22b22000 	/System/Library/Frameworks/IOKit.framework/Versions/A/IOKit
0x00007fff2fedd000 	/System/Library/Frameworks/CoreServices.framework/Versions/A/CoreServices
0x00007fff2711e000 	/System/Library/PrivateFrameworks/PerformanceAnalysis.framework/Versions/A/PerformanceAnalysis
0x00007fff6ba4a000 	/System/Library/Frameworks/OpenGL.framework/Versions/A/OpenGL
0x00007fff2beb4000 	/System/Library/PrivateFrameworks/UserActivity.framework/Versions/A/UserActivity
0x00007fff255f6000 	/System/Library/Frameworks/ColorSync.framework/Versions/A/ColorSync
0x00007fff28bf3000 	/System/Library/Frameworks/CoreImage.framework/Versions/A/CoreImage
0x00007fff21982000 	/System/Library/Frameworks/CoreText.framework/Versions/A/CoreText
0x00007fff289b6000 	/System/Library/Frameworks/ImageIO.framework/Versions/A/ImageIO
0x00007fff2a54a000 	/System/Library/PrivateFrameworks/SoftLinking.framework/Versions/A/SoftLinking
0x00007fff271d7000 	/usr/lib/libxml2.2.dylib
0x00007fff2a7bb000 	/usr/lib/libcompression.dylib
0x00007fff2bd62000 	/System/Library/PrivateFrameworks/TextureIO.framework/Versions/A/TextureIO
0x00007fff2adea000 	/usr/lib/libate.dylib
0x00007fff2abcf000 	/usr/lib/liblzma.5.dylib
0x00007fff20ea6000 	/System/Library/Frameworks/SystemConfiguration.framework/Versions/A/SystemConfiguration
0x00007fff2a546000 	/usr/lib/libfakelink.dylib
0x00007fff246ca000 	/System/Library/Frameworks/CFNetwork.framework/Versions/A/CFNetwork
0x00007fff2a686000 	/usr/lib/libarchive.2.dylib
0x00007fff20f24000 	/usr/lib/libCRFSuite.dylib
0x00007fff29cf7000 	/usr/lib/libbsm.0.dylib
0x00007fff24043000 	/usr/lib/libnetwork.dylib
0x00007fff2a54b000 	/usr/lib/libpcap.A.dylib
0x00007fff262ac000 	/usr/lib/libdns_services.dylib
0x00007fff2abe8000 	/usr/lib/libcoretls_cfhelpers.dylib
0x00007fff2a785000 	/usr/lib/libapple_nghttp2.dylib
0x00007fff2a4de000 	/usr/lib/system/libkxld.dylib
0x00007fff25f25000 	/usr/lib/libsqlite3.dylib
0x00007fff2a25e000 	/System/Library/PrivateFrameworks/AppleFSCompression.framework/Versions/A/AppleFSCompression
0x00007fff29cdf000 	/usr/lib/libcoretls.dylib
0x00007fff2a7b6000 	/usr/lib/libpam.2.dylib
0x00007fff2ace6000 	/usr/lib/libxar.1.dylib
0x00007fff28fe1000 	/System/Library/PrivateFrameworks/AppleSystemInfo.framework/Versions/A/AppleSystemInfo
0x00007fff29921000 	/System/Library/PrivateFrameworks/IOMobileFramebuffer.framework/Versions/A/IOMobileFramebuffer
0x00007fff2a26e000 	/usr/lib/libbz2.1.0.dylib
0x00007fff2a583000 	/usr/lib/libiconv.2.dylib
0x00007fff2a4d7000 	/usr/lib/libcharset.1.dylib
0x00007fff2715a000 	/System/Library/Frameworks/CoreServices.framework/Versions/A/Frameworks/FSEvents.framework/Versions/A/FSEvents
0x00007fff227bc000 	/System/Library/Frameworks/CoreServices.framework/Versions/A/Frameworks/CarbonCore.framework/Versions/A/CarbonCore
0x00007fff264c7000 	/System/Library/Frameworks/CoreServices.framework/Versions/A/Frameworks/Metadata.framework/Versions/A/Metadata
0x00007fff2a280000 	/System/Library/Frameworks/CoreServices.framework/Versions/A/Frameworks/OSServices.framework/Versions/A/OSServices
0x00007fff2a6f8000 	/System/Library/Frameworks/CoreServices.framework/Versions/A/Frameworks/SearchKit.framework/Versions/A/SearchKit
0x00007fff26237000 	/System/Library/Frameworks/CoreServices.framework/Versions/A/Frameworks/AE.framework/Versions/A/AE
0x00007fff20881000 	/System/Library/Frameworks/CoreServices.framework/Versions/A/Frameworks/LaunchServices.framework/Versions/A/LaunchServices
0x00007fff2ab7f000 	/System/Library/Frameworks/CoreServices.framework/Versions/A/Frameworks/DictionaryServices.framework/Versions/A/DictionaryServices
0x00007fff27167000 	/System/Library/Frameworks/CoreServices.framework/Versions/A/Frameworks/SharedFileList.framework/Versions/A/SharedFileList
0x00007fff29cd3000 	/usr/lib/libCheckFix.dylib
0x00007fff24bed000 	/System/Library/PrivateFrameworks/TCC.framework/Versions/A/TCC
0x00007fff28fe7000 	/System/Library/PrivateFrameworks/CoreNLP.framework/Versions/A/CoreNLP
0x00007fff2647a000 	/System/Library/PrivateFrameworks/MetadataUtilities.framework/Versions/A/MetadataUtilities
0x00007fff20f59000 	/usr/lib/libmecabra.dylib
0x00007fff29fdd000 	/System/Library/Frameworks/MLCompute.framework/Versions/A/MLCompute
0x00007fff29d08000 	/usr/lib/libmecab.dylib
0x00007fff29d52000 	/usr/lib/libgermantok.dylib
0x00007fff2a760000 	/usr/lib/libThaiTokenizer.dylib
0x00007fff2ad21000 	/usr/lib/libChineseTokenizer.dylib
0x00007fff2a7b4000 	/System/Library/Frameworks/MetalPerformanceShaders.framework/Versions/A/MetalPerformanceShaders
0x00007fff26569000 	/System/Library/Frameworks/Accelerate.framework/Versions/A/Frameworks/vImage.framework/Versions/A/vImage
0x00007fff2feb7000 	/System/Library/Frameworks/Accelerate.framework/Versions/A/Frameworks/vecLib.framework/Versions/A/vecLib
0x00007fff2ad2c000 	/System/Library/Frameworks/Accelerate.framework/Versions/A/Frameworks/vecLib.framework/Versions/A/libvMisc.dylib
0x00007fff2973c000 	/System/Library/Frameworks/Accelerate.framework/Versions/A/Frameworks/vecLib.framework/Versions/A/libvDSP.dylib
0x00007fff20b8c000 	/System/Library/Frameworks/Accelerate.framework/Versions/A/Frameworks/vecLib.framework/Versions/A/libBLAS.dylib
0x00007fff2a7e1000 	/System/Library/Frameworks/Accelerate.framework/Versions/A/Frameworks/vecLib.framework/Versions/A/libLAPACK.dylib
0x00007fff29d58000 	/System/Library/Frameworks/Accelerate.framework/Versions/A/Frameworks/vecLib.framework/Versions/A/libLinearAlgebra.dylib
0x00007fff2a79d000 	/System/Library/Frameworks/Accelerate.framework/Versions/A/Frameworks/vecLib.framework/Versions/A/libSparseBLAS.dylib
0x00007fff2a7db000 	/System/Library/Frameworks/Accelerate.framework/Versions/A/Frameworks/vecLib.framework/Versions/A/libQuadrature.dylib
0x00007fff29093000 	/System/Library/Frameworks/Accelerate.framework/Versions/A/Frameworks/vecLib.framework/Versions/A/libBNNS.dylib
0x00007fff20e37000 	/System/Library/Frameworks/Accelerate.framework/Versions/A/Frameworks/vecLib.framework/Versions/A/libSparse.dylib
0x00007fff28f6f000 	/System/Library/Frameworks/MetalPerformanceShaders.framework/Versions/A/Frameworks/MPSCore.framework/Versions/A/MPSCore
0x00007fff2a1cd000 	/System/Library/Frameworks/MetalPerformanceShaders.framework/Versions/A/Frameworks/MPSImage.framework/Versions/A/MPSImage
0x00007fff29d6e000 	/System/Library/Frameworks/MetalPerformanceShaders.framework/Versions/A/Frameworks/MPSNeuralNetwork.framework/Versions/A/MPSNeuralNetwork
0x00007fff2a13f000 	/System/Library/Frameworks/MetalPerformanceShaders.framework/Versions/A/Frameworks/MPSMatrix.framework/Versions/A/MPSMatrix
0x00007fff29f8d000 	/System/Library/Frameworks/MetalPerformanceShaders.framework/Versions/A/Frameworks/MPSRayIntersector.framework/Versions/A/MPSRayIntersector
0x00007fff2a176000 	/System/Library/Frameworks/MetalPerformanceShaders.framework/Versions/A/Frameworks/MPSNDArray.framework/Versions/A/MPSNDArray
0x00007fff20ab7000 	/System/Library/PrivateFrameworks/MetalTools.framework/Versions/A/MetalTools
0x00007fff28fdf000 	/System/Library/PrivateFrameworks/AggregateDictionary.framework/Versions/A/AggregateDictionary
0x00007fff26447000 	/System/Library/PrivateFrameworks/CoreAnalytics.framework/Versions/A/CoreAnalytics
0x00007fff2a762000 	/System/Library/PrivateFrameworks/AppleSauce.framework/Versions/A/AppleSauce
0x00007fff282e5000 	/System/Library/PrivateFrameworks/IOAccelerator.framework/Versions/A/IOAccelerator
0x00007fff6ba3e000 	/System/Library/Frameworks/OpenGL.framework/Versions/A/Libraries/libCoreFSCache.dylib
0x00007fff214f1000 	/System/Library/PrivateFrameworks/LanguageModeling.framework/Versions/A/LanguageModeling
0x00007fff2990f000 	/System/Library/PrivateFrameworks/CoreEmoji.framework/Versions/A/CoreEmoji
0x00007fff2908c000 	/System/Library/PrivateFrameworks/LinguisticData.framework/Versions/A/LinguisticData
0x00007fff20de9000 	/System/Library/PrivateFrameworks/Lexicon.framework/Versions/A/Lexicon
0x00007fff2a674000 	/usr/lib/libcmph.dylib
0x00007fff2713a000 	/System/Library/Frameworks/OpenDirectory.framework/Versions/A/Frameworks/CFOpenDirectory.framework/Versions/A/CFOpenDirectory
0x00007fff2712a000 	/System/Library/Frameworks/OpenDirectory.framework/Versions/A/OpenDirectory
0x00007fff2abea000 	/System/Library/PrivateFrameworks/APFS.framework/Versions/A/APFS
0x00007fff29c35000 	/System/Library/Frameworks/SecurityFoundation.framework/Versions/A/SecurityFoundation
0x00007fff2acf4000 	/usr/lib/libutil.dylib
0x00007fff22ae7000 	/System/Library/PrivateFrameworks/CoreServicesStore.framework/Versions/A/CoreServicesStore
0x00007fff29ccb000 	/System/Library/Frameworks/ServiceManagement.framework/Versions/A/ServiceManagement
0x00007fff2acf8000 	/usr/lib/libxslt.1.dylib
0x00007fff29cc1000 	/System/Library/PrivateFrameworks/BackgroundTaskManagement.framework/Versions/A/BackgroundTaskManagement
0x00007fff2bcac000 	/System/Library/Frameworks/ImageIO.framework/Versions/A/Resources/libRadiance.dylib
0x00007fff2bcb6000 	/System/Library/Frameworks/ImageIO.framework/Versions/A/Resources/libJPEG.dylib
0x00007fff2bc06000 	/System/Library/Frameworks/ImageIO.framework/Versions/A/Resources/libPng.dylib
0x00007fff2bc27000 	/System/Library/Frameworks/ImageIO.framework/Versions/A/Resources/libTIFF.dylib
0x00007fff2bd0b000 	/System/Library/Frameworks/ImageIO.framework/Versions/A/Resources/libGIF.dylib
0x00007fff2b958000 	/System/Library/Frameworks/ImageIO.framework/Versions/A/Resources/libJP2.dylib
0x00007fff2b073000 	/usr/lib/libexpat.1.dylib
0x00007fff2b90e000 	/System/Library/PrivateFrameworks/AppleJPEG.framework/Versions/A/AppleJPEG
0x00007fff2851b000 	/System/Library/PrivateFrameworks/FontServices.framework/libFontParser.dylib
0x00007fff261ee000 	/System/Library/PrivateFrameworks/RunningBoardServices.framework/Versions/A/RunningBoardServices
0x00007fff2ba38000 	/System/Library/PrivateFrameworks/WatchdogClient.framework/Versions/A/WatchdogClient
0x00007fff215da000 	/System/Library/Frameworks/CoreDisplay.framework/Versions/A/CoreDisplay
0x00007fff28430000 	/System/Library/Frameworks/CoreMedia.framework/Versions/A/CoreMedia
0x00007fff272ba000 	/System/Library/Frameworks/CoreVideo.framework/Versions/A/CoreVideo
0x00007fff2ba73000 	/System/Library/Frameworks/VideoToolbox.framework/Versions/A/VideoToolbox
0x00007fff2616e000 	/System/Library/PrivateFrameworks/BaseBoard.framework/Versions/A/BaseBoard
0x00007fff2b1b8000 	/System/Library/PrivateFrameworks/PersistentConnection.framework/Versions/A/PersistentConnection
0x00007fff25f0f000 	/System/Library/PrivateFrameworks/ProtocolBuffer.framework/Versions/A/ProtocolBuffer
0x00007fff26156000 	/System/Library/PrivateFrameworks/CommonUtilities.framework/Versions/A/CommonUtilities
0x00007fff2b8d1000 	/System/Library/PrivateFrameworks/Bom.framework/Versions/A/Bom
0x00007fff2bca4000 	/System/Library/PrivateFrameworks/GPUWrangler.framework/Versions/A/GPUWrangler
0x00007fff2bc87000 	/System/Library/PrivateFrameworks/IOPresentment.framework/Versions/A/IOPresentment
0x00007fff2bcb0000 	/System/Library/PrivateFrameworks/DSExternalDisplay.framework/Versions/A/DSExternalDisplay
0x00007fff2bd10000 	/System/Library/PrivateFrameworks/CMCaptureCore.framework/Versions/A/CMCaptureCore
0x00007fff2b654000 	/System/Library/PrivateFrameworks/AppServerSupport.framework/Versions/A/AppServerSupport
0x00007fff2d6eb000 	/System/Library/PrivateFrameworks/perfdata.framework/Versions/A/perfdata
0x00007fff29c24000 	/System/Library/PrivateFrameworks/AssertionServices.framework/Versions/A/AssertionServices
0x00007fff21711000 	/System/Library/PrivateFrameworks/AudioToolboxCore.framework/Versions/A/AudioToolboxCore
0x00007fff28413000 	/System/Library/PrivateFrameworks/caulk.framework/Versions/A/caulk
0x00007fff3cb97000 	/System/Library/PrivateFrameworks/SystemPolicy.framework/Versions/A/SystemPolicy
0x00007fff2ae82000 	/usr/lib/libIOReport.dylib
0x00007fff2cf27000 	/usr/lib/libSMC.dylib
0x00007fff2bbd2000 	/usr/lib/libAudioToolboxUtility.dylib
0x00007fff3d4f4000 	/usr/lib/libmis.dylib
0x00007fff6ba9a000 	/System/Library/Frameworks/OpenGL.framework/Versions/A/Libraries/libGLU.dylib
0x00007fff6ba5d000 	/System/Library/Frameworks/OpenGL.framework/Versions/A/Libraries/libGFXShared.dylib
0x00007fff6bc6b000 	/System/Library/Frameworks/OpenGL.framework/Versions/A/Libraries/libGL.dylib
0x00007fff6ba66000 	/System/Library/Frameworks/OpenGL.framework/Versions/A/Libraries/libGLImage.dylib
0x00007fff6ba5a000 	/System/Library/Frameworks/OpenGL.framework/Versions/A/Libraries/libCVMSPluginSupport.dylib
0x00007fff6ba45000 	/System/Library/Frameworks/OpenGL.framework/Versions/A/Libraries/libCoreVMClient.dylib
0x00007fff6d0b5000 	/System/Library/Frameworks/OpenCL.framework/Versions/A/OpenCL
0x00007fff2b1e1000 	/System/Library/PrivateFrameworks/GraphVisualizer.framework/Versions/A/GraphVisualizer
0x00007fff2b1f0000 	/System/Library/PrivateFrameworks/FaceCore.framework/Versions/A/FaceCore
0x00007fff2b60c000 	/System/Library/PrivateFrameworks/OTSVG.framework/Versions/A/OTSVG
0x00007fff26eaf000 	/System/Library/Frameworks/ApplicationServices.framework/Versions/A/Frameworks/ATS.framework/Versions/A/Resources/libFontRegistry.dylib
0x00007fff2b65b000 	/System/Library/PrivateFrameworks/FontServices.framework/libhvf.dylib
0x00007fff2b01f000 	/System/Library/PrivateFrameworks/AppleVA.framework/Versions/A/AppleVA
0x00007fff2cd6f000 	/System/Library/Frameworks/ApplicationServices.framework/Versions/A/Frameworks/ATS.framework/Versions/A/ATS
0x00007fff2d082000 	/System/Library/Frameworks/ApplicationServices.framework/Versions/A/Frameworks/ColorSyncLegacy.framework/Versions/A/ColorSyncLegacy
0x00007fff256ed000 	/System/Library/Frameworks/ApplicationServices.framework/Versions/A/Frameworks/HIServices.framework/Versions/A/HIServices
0x00007fff2d067000 	/System/Library/Frameworks/ApplicationServices.framework/Versions/A/Frameworks/LangAnalysis.framework/Versions/A/LangAnalysis
0x00007fff2bd1a000 	/System/Library/Frameworks/ApplicationServices.framework/Versions/A/Frameworks/PrintCore.framework/Versions/A/PrintCore
0x00007fff2d08a000 	/System/Library/Frameworks/ApplicationServices.framework/Versions/A/Frameworks/QD.framework/Versions/A/QD
0x00007fff2cd5f000 	/System/Library/Frameworks/ApplicationServices.framework/Versions/A/Frameworks/SpeechSynthesis.framework/Versions/A/SpeechSynthesis
0x00007fff2bcdb000 	/System/Library/Frameworks/ApplicationServices.framework/Versions/A/Frameworks/ATSUI.framework/Versions/A/ATSUI
0x00007fff2d007000 	/usr/lib/libcups.2.dylib
0x00007fff2d077000 	/System/Library/PrivateFrameworks/NetAuth.framework/Versions/A/NetAuth
0x00007fff2d706000 	/System/Library/Frameworks/Kerberos.framework/Versions/A/Kerberos
0x00007fff2d716000 	/System/Library/Frameworks/GSS.framework/Versions/A/GSS
0x00007fff2cddc000 	/usr/lib/libresolv.9.dylib
0x00007fff2b671000 	/System/Library/PrivateFrameworks/Heimdal.framework/Versions/A/Heimdal
0x00007fff333cd000 	/System/Library/Frameworks/Kerberos.framework/Versions/A/Libraries/libHeimdalProxy.dylib
0x00007fff262bb000 	/System/Library/Frameworks/Network.framework/Versions/A/Network
0x00007fff2b08d000 	/usr/lib/libheimdal-asn1.dylib
0x00007fff2d767000 	/System/Library/PrivateFrameworks/CommonAuth.framework/Versions/A/CommonAuth
0x00007fff27308000 	/System/Library/PrivateFrameworks/login.framework/Versions/A/Frameworks/loginsupport.framework/Versions/A/loginsupport
0x00007fff2cce6000 	/System/Library/PrivateFrameworks/AudioSession.framework/Versions/A/AudioSession
0x00007fff2cd4c000 	/usr/lib/libAudioStatistics.dylib
0x00007fff2b119000 	/System/Library/PrivateFrameworks/MediaExperience.framework/Versions/A/MediaExperience
0x00007fff2cb7f000 	/System/Library/PrivateFrameworks/AudioSession.framework/libSessionUtility.dylib
0x00007fff2d6f7000 	/usr/lib/libperfcheck.dylib
0x00007fff2d096000 	/System/Library/PrivateFrameworks/AudioResourceArbitration.framework/Versions/A/AudioResourceArbitration
0x00007fff2b097000 	/System/Library/PrivateFrameworks/IconFoundation.framework/Versions/A/IconFoundation
0x00007fff2fb9a000 	/System/Library/PrivateFrameworks/SpeechRecognitionCore.framework/Versions/A/SpeechRecognitionCore
0x000000010c000000 	/Library/Java/JavaVirtualMachines/jdk-14.0.2.jdk/Contents/Home/lib/server/libjvm.dylib
0x00000001098a9000 	/Library/Java/JavaVirtualMachines/jdk-14.0.2.jdk/Contents/Home/lib/libjimage.dylib
0x00000001098fe000 	/Library/Java/JavaVirtualMachines/jdk-14.0.2.jdk/Contents/Home/lib/libjava.dylib
0x0000000109926000 	/Library/Java/JavaVirtualMachines/jdk-14.0.2.jdk/Contents/Home/lib/libzip.dylib
0x0000000109f6a000 	/Library/Java/JavaVirtualMachines/jdk-14.0.2.jdk/Contents/Home/lib/libnio.dylib
0x0000000109f7d000 	/Library/Java/JavaVirtualMachines/jdk-14.0.2.jdk/Contents/Home/lib/libnet.dylib
0x0000000109f95000 	/private/var/folders/m7/tl13ns8d67z494r78bnl1lg00000gn/T/lwjglnick227889/3.3.1-SNAPSHOT/liblwjgl.dylib
0x000000010f58a000 	/private/var/folders/m7/tl13ns8d67z494r78bnl1lg00000gn/T/lwjglnick227889/3.3.1-SNAPSHOT/libglfw.dylib
0x00007fff22aa8000 	/System/Library/PrivateFrameworks/CoreServicesInternal.framework/Versions/A/CoreServicesInternal
0x00007fff30f21000 	/System/Library/Frameworks/FileProvider.framework/Versions/A/FileProvider
0x00007fff260d9000 	/System/Library/Frameworks/Accounts.framework/Versions/A/Accounts
0x00007fff31071000 	/System/Library/PrivateFrameworks/GenerationalStorage.framework/Versions/A/GenerationalStorage
0x00007fff31a0b000 	/System/Library/PrivateFrameworks/CoreSymbolication.framework/Versions/A/CoreSymbolication
0x00007fff30941000 	/System/Library/PrivateFrameworks/SymptomDiagnosticReporter.framework/Versions/A/SymptomDiagnosticReporter
0x00007fff23bd9000 	/System/Library/PrivateFrameworks/DesktopServicesPriv.framework/Versions/A/DesktopServicesPriv
0x00007fff22bdd000 	/usr/lib/libsandbox.1.dylib
0x00007fff27333000 	/System/Library/PrivateFrameworks/UserManagement.framework/Versions/A/UserManagement
0x00007fff29c01000 	/System/Library/PrivateFrameworks/MobileKeyBag.framework/Versions/A/MobileKeyBag
0x00007fff34450000 	/System/Library/PrivateFrameworks/ChunkingLibrary.framework/Versions/A/ChunkingLibrary
0x00007fff319cf000 	/System/Library/PrivateFrameworks/DebugSymbols.framework/Versions/A/DebugSymbols
0x00007fff2e12a000 	/System/Library/PrivateFrameworks/Sharing.framework/Versions/A/Sharing
0x00007fff329cf000 	/System/Library/PrivateFrameworks/Apple80211.framework/Versions/A/Apple80211
0x00007fff2a2ae000 	/System/Library/PrivateFrameworks/AuthKit.framework/Versions/A/AuthKit
0x00007fff299ff000 	/System/Library/PrivateFrameworks/CoreUtils.framework/Versions/A/CoreUtils
0x00007fff2992c000 	/System/Library/Frameworks/CoreWLAN.framework/Versions/A/CoreWLAN
0x00007fff2e276000 	/System/Library/Frameworks/IOBluetooth.framework/Versions/A/IOBluetooth
0x00007fff32a33000 	/System/Library/PrivateFrameworks/CoreWiFi.framework/Versions/A/CoreWiFi
0x00007fff2d7ed000 	/System/Library/PrivateFrameworks/CorePhoneNumbers.framework/Versions/A/CorePhoneNumbers
0x00007fff30a48000 	/System/Library/PrivateFrameworks/DiskManagement.framework/Versions/A/DiskManagement
0x00007fff3095e000 	/System/Library/PrivateFrameworks/AppleIDAuthSupport.framework/Versions/A/AppleIDAuthSupport
0x00007fff2d7cd000 	/System/Library/PrivateFrameworks/KeychainCircle.framework/Versions/A/KeychainCircle
0x00007fff30a14000 	/System/Library/PrivateFrameworks/MediaKit.framework/Versions/A/MediaKit
0x00007fff3096b000 	/System/Library/Frameworks/DiscRecording.framework/Versions/A/DiscRecording
0x00007fff2af93000 	/usr/lib/libCoreStorage.dylib
0x00007fff32e6e000 	/usr/lib/libcsfde.dylib
0x00007fff2e3b1000 	/System/Library/PrivateFrameworks/ProtectedCloudStorage.framework/Versions/A/ProtectedCloudStorage
0x00007fff32e66000 	/System/Library/PrivateFrameworks/EFILogin.framework/Versions/A/EFILogin
0x00007fff33480000 	/System/Library/Frameworks/AudioUnit.framework/Versions/A/AudioUnit
0x00007fff308db000 	/System/Library/Frameworks/CoreBluetooth.framework/Versions/A/CoreBluetooth
0x00007fff2af8b000 	/usr/lib/libMatch.1.dylib
0x000000010f6c9000 	/usr/lib/libobjc-trampolines.dylib
0x00007fff27032000 	/System/Library/PrivateFrameworks/ViewBridge.framework/Versions/A/ViewBridge
0x00007fff411bb000 	/System/Library/Frameworks/Accelerate.framework/Versions/A/Frameworks/vImage.framework/Versions/A/Libraries/libCGInterfaces.dylib
0x00007fff2b732000 	/System/Library/PrivateFrameworks/login.framework/Versions/A/login
0x00007fff6bc76000 	/System/Library/Frameworks/OpenGL.framework/Versions/A/Resources/GLEngine.bundle/GLEngine
0x00007fff6bad7000 	/System/Library/Frameworks/OpenGL.framework/Versions/A/Libraries/libGLProgrammability.dylib
0x00007fff63695000 	/System/Library/Extensions/AppleIntelBDWGraphicsGLDriver.bundle/Contents/MacOS/AppleIntelBDWGraphicsGLDriver
0x00007fff462ae000 	/System/Library/PrivateFrameworks/GPUSupport.framework/Versions/A/Libraries/libGPUSupportMercury.dylib
0x00007fff6bdf4000 	/System/Library/Frameworks/OpenGL.framework/Versions/A/Resources/GLRendererFloat.bundle/GLRendererFloat
0x0000000130370000 	/private/var/folders/m7/tl13ns8d67z494r78bnl1lg00000gn/T/lwjglnick227889/3.3.1-SNAPSHOT/liblwjgl_opengl.dylib
0x0000000130a49000 	/private/var/folders/m7/tl13ns8d67z494r78bnl1lg00000gn/T/imgui-java-natives_1656383195067/libimgui-java64.dylib


VM Arguments:
jvm_args: -Dfile.encoding=UTF-8 -Duser.country=US -Duser.language=en -Duser.variant 
java_command: WTownQ
java_class_path (initial): /Users/nick227889/Dev/WTownQ/build/classes/java/main:/Users/nick227889/Dev/WTownQ/build/resources/main:/Users/nick227889/.gradle/caches/modules-2/files-2.1/io.github.spair/imgui-java-app/1.86.4/23a06b57a93761cd02b242051e9117bac40d0f7/imgui-java-app-1.86.4.jar:/Users/nick227889/.gradle/caches/modules-2/files-2.1/io.github.spair/imgui-java-lwjgl3/1.86.4/a538b7aa58be1c26e0dfe0b5395aaf58cb24e3dd/imgui-java-lwjgl3-1.86.4.jar:/Users/nick227889/.gradle/caches/modules-2/files-2.1/org.lwjgl/lwjgl-glfw/3.3.1/cbac1b8d30cb4795149c1ef540f912671a8616d0/lwjgl-glfw-3.3.1.jar:/Users/nick227889/.gradle/caches/modules-2/files-2.1/org.lwjgl/lwjgl-glfw/3.3.1/9ec4ce1fc8c85fdef03ef4ff2aace6f5775fb280/lwjgl-glfw-3.3.1-natives-macos.jar:/Users/nick227889/.gradle/caches/modules-2/files-2.1/org.lwjgl/lwjgl-glfw/3.3.1/81716978214ecbda15050ca394b06ef61501a49e/lwjgl-glfw-3.3.1-natives-linux.jar:/Users/nick227889/.gradle/caches/modules-2/files-2.1/org.lwjgl/lwjgl-glfw/3.3.1/ed892f945cf7e79c8756796f32d00fa4ceaf573b/lwjgl-glfw-3.3.1-natives-windows.jar:/Users/nick227889/.gradle/caches/modules-2/files-2.1/org.lwjgl/lwjgl-opengl/3.3.1/831a5533a21a5f4f81bbc51bb13e9899319b5411/lwjgl-opengl-3.3.1.jar:/Users/nick227889/.gradle/caches/modules-2/files-2.1/org.lwjgl/lwjgl-opengl/3.3.1/a0d12697ea019a7362eff26475b0531340e876a6/lwjgl-opengl-3.3.1-natives-macos.jar:/Users/nick227889/.gradle/caches/modules-2/files-2.1/org.lwjgl/lwjgl-opengl/3.3.1/ab9ab6fde3743e3550fa5d46d785ecb45b047d99/lwjgl-opengl-3.3.1-natives-linux.jar:/Users/nick227889/.gradle/caches/modules-2/files-2.1/org.lwjgl/lwjgl-opengl/3.3.1/c1807e9bd571402787d7e37e3029776ae2513bb8/lwjgl-opengl-3.3.1-natives-windows.jar:/Users/nick227889/.gradle/caches/modules-2/files-2.1/org.lwjgl/lwjgl/3.3.1/ae58664f88e18a9bb2c77b063833ca7aaec484cb/lwjgl-3.3.1.jar:/Users/nick227889/.gradle/caches/modules-2/files-2.1/org.lwjgl/lwjgl/3.3.1/fc6bb723dec2cd031557dccb2a95f0ab80acb9db/lwjgl-3.3.1-natives-macos.jar:/Users/nick227889/.gradle/cac
Launcher Type: SUN_STANDARD

[Global flags]
     intx CICompilerCount                          = 3                                         {product} {ergonomic}
     uint ConcGCThreads                            = 1                                         {product} {ergonomic}
     uint G1ConcRefinementThreads                  = 4                                         {product} {ergonomic}
   size_t G1HeapRegionSize                         = 1048576                                   {product} {ergonomic}
    uintx GCDrainStackTargetSize                   = 64                                        {product} {ergonomic}
   size_t InitialHeapSize                          = 134217728                                 {product} {ergonomic}
   size_t MarkStackSize                            = 4194304                                   {product} {ergonomic}
   size_t MaxHeapSize                              = 2147483648                                {product} {ergonomic}
   size_t MaxNewSize                               = 1287651328                                {product} {ergonomic}
   size_t MinHeapDeltaBytes                        = 1048576                                   {product} {ergonomic}
   size_t MinHeapSize                              = 8388608                                   {product} {ergonomic}
    uintx NonNMethodCodeHeapSize                   = 5832780                                {pd product} {ergonomic}
    uintx NonProfiledCodeHeapSize                  = 122912730                              {pd product} {ergonomic}
    uintx ProfiledCodeHeapSize                     = 122912730                              {pd product} {ergonomic}
    uintx ReservedCodeCacheSize                    = 251658240                              {pd product} {ergonomic}
     bool SegmentedCodeCache                       = true                                      {product} {ergonomic}
   size_t SoftMaxHeapSize                          = 2147483648                             {manageable} {ergonomic}
     bool UseCompressedClassPointers               = true                                 {lp64_product} {ergonomic}
     bool UseCompressedOops                        = true                                 {lp64_product} {ergonomic}
     bool UseG1GC                                  = true                                      {product} {ergonomic}

Logging:
Log output configuration:
 #0: stdout all=warning uptime,level,tags
 #1: stderr all=off uptime,level,tags

Environment Variables:
PATH=/usr/local/bin:/usr/bin:/bin:/usr/sbin:/sbin:/Library/Frameworks/Mono.framework/Versions/Current/Commands
SHELL=/bin/zsh

Signal Handlers:
SIGSEGV: [libjvm.dylib+0x7415b8], sa_mask[0]=11111111011111110111111111111111, sa_flags=SA_ONSTACK|SA_RESTART|SA_SIGINFO
SIGBUS: [libjvm.dylib+0x7415b8], sa_mask[0]=11111111011111110111111111111111, sa_flags=SA_RESTART|SA_SIGINFO
SIGFPE: [libjvm.dylib+0x7415b8], sa_mask[0]=11111111011111110111111111111111, sa_flags=SA_RESTART|SA_SIGINFO
SIGPIPE: [libjvm.dylib+0x5eb4b1], sa_mask[0]=11111111011111110111111111111111, sa_flags=SA_RESTART|SA_SIGINFO
SIGXFSZ: [libjvm.dylib+0x5eb4b1], sa_mask[0]=11111111011111110111111111111111, sa_flags=SA_RESTART|SA_SIGINFO
SIGILL: [libjvm.dylib+0x7415b8], sa_mask[0]=11111111011111110111111111111111, sa_flags=SA_RESTART|SA_SIGINFO
SIGUSR2: [libjvm.dylib+0x5eba83], sa_mask[0]=00100000000000000000000000000000, sa_flags=SA_RESTART|SA_SIGINFO
SIGHUP: [libjvm.dylib+0x5eaae5], sa_mask[0]=11111111011111110111111111111111, sa_flags=SA_RESTART|SA_SIGINFO
SIGINT: [libjvm.dylib+0x5eaae5], sa_mask[0]=11111111011111110111111111111111, sa_flags=SA_RESTART|SA_SIGINFO
SIGTERM: [libjvm.dylib+0x5eaae5], sa_mask[0]=11111111011111110111111111111111, sa_flags=SA_RESTART|SA_SIGINFO
SIGQUIT: [libjvm.dylib+0x5eaae5], sa_mask[0]=11111111011111110111111111111111, sa_flags=SA_RESTART|SA_SIGINFO


---------------  S Y S T E M  ---------------

OS:uname:Darwin 20.6.0 Darwin Kernel Version 20.6.0: Mon Aug 30 06:12:21 PDT 2021; root:xnu-7195.141.6~3/RELEASE_X86_64 x86_64
OS uptime: 0 days 3:01 hours
rlimit: STACK 8192k, CORE 0k, NPROC 1392, NOFILE 10240, AS infinity, DATA infinity, FSIZE infinity
load average:2.87 2.89 2.73

CPU:total 4 (initial active 4) (2 cores per cpu, 2 threads per core) family 6 model 61 stepping 4, cmov, cx8, fxsr, mmx, sse, sse2, sse3, ssse3, sse4.1, sse4.2, popcnt, avx, avx2, aes, clmul, erms, 3dnowpref, lzcnt, ht, tsc, tscinvbit, bmi1, bmi2, adx, fma

Memory: 4k page, physical 8388608k(79716k free), swap 1048576k(899840k free)

vm_info: Java HotSpot(TM) 64-Bit Server VM (14.0.2+12-46) for bsd-amd64 JRE (14.0.2+12-46), built on Jul  8 2020 23:32:31 by "mach5one" with clang 4.2.1 Compatible Apple LLVM 10.0.0 (clang-1000.11.45.5)

END.
